/opt/QQ/chrome-sandbox
/run/log/journal
/etc/chatscripts
/etc/ppp/peers
/var/spool/postfix/public
/var/mail
/var/local
/var/log/journal
/var/log/journal/64479bc9acfc468c8e28e62c99693749
/var/log/exim4
/usr/sbin/pppd
/usr/sbin/postdrop
/usr/sbin/unix_chkpwd
/usr/sbin/postqueue
/usr/local/share/fonts
/usr/bin/chage
/usr/bin/newgrp
/usr/bin/wall
/usr/bin/gpasswd
/usr/bin/at
/usr/bin/sudo
/usr/bin/chfn
/usr/bin/ssh-agent
/usr/bin/umount
/usr/bin/dotlock.mailutils
/usr/bin/pkexec
/usr/bin/fusermount3
/usr/bin/ntfs-3g
/usr/bin/passwd
/usr/bin/mount
/usr/bin/su
/usr/bin/expiry
/usr/bin/dotlockfile
/usr/bin/chsh
/usr/bin/vmware-user-suid-wrapper
/usr/bin/write
/usr/bin/crontab
/usr/share/ppd/custom
/usr/share/code/chrome-sandbox
/usr/libexec/camel-lock-helper-1.2
/usr/lib/dbus-1.0/dbus-daemon-launch-helper
/usr/lib/xorg/Xorg.wrap
/usr/lib/x86_64-linux-gnu/utempter/utempter
/usr/lib/openssh/ssh-keysign
/usr/lib/polkit-1/polkit-agent-helper-1
